<?xml version="1.0" encoding="UTF-8"?>
<robot generator="Robot 3.2.1 (Python 3.8.2 on win32)" generated="20200529 03:06:17.129" rpa="false">
<suite id="s1" name="Robot Xray" source="C:\Users\DEII\.jenkins\workspace\Demo_Proj\Robot_Xray">
<suite id="s1-s1" name="Robot Xray" source="C:\Users\DEII\.jenkins\workspace\Demo_Proj\Robot_Xray\Robot_Xray.robot">
<test id="s1-s1-t1" name="TestCase_robotaddpass Robot_xray">
<kw name="Evaluate" library="BuiltIn">
<doc>Evaluates the given expression in Python and returns the result.</doc>
<arguments>
<arg>2+5</arg>
</arguments>
<assign>
<var>${a}</var>
</assign>
<msg timestamp="20200529 03:06:17.719" level="INFO">${a} = 7</msg>
<status status="PASS" starttime="20200529 03:06:17.719" endtime="20200529 03:06:17.719"></status>
</kw>
<kw name="Log" library="BuiltIn">
<doc>Logs the given message with the given level.</doc>
<arguments>
<arg>${a}</arg>
</arguments>
<msg timestamp="20200529 03:06:17.719" level="INFO">7</msg>
<status status="PASS" starttime="20200529 03:06:17.719" endtime="20200529 03:06:17.719"></status>
</kw>
<status status="PASS" starttime="20200529 03:06:17.719" endtime="20200529 03:06:17.719" critical="yes"></status>
</test>
<status status="PASS" starttime="20200529 03:06:17.182" endtime="20200529 03:06:17.719"></status>
</suite>
<suite id="s1-s2" name="TestCase1" source="C:\Users\DEII\.jenkins\workspace\Demo_Proj\Robot_Xray\TestCase1.robot">
<test id="s1-s2-t1" name="TestCase_Add1">
<kw name="Evalu">
<arguments>
<arg>2+5</arg>
</arguments>
<assign>
<var>${a}=</var>
</assign>
<msg timestamp="20200529 03:06:17.729" level="FAIL">No keyword with name 'Evalu' found. Did you mean:
    BuiltIn.Evaluate</msg>
<status status="FAIL" starttime="20200529 03:06:17.729" endtime="20200529 03:06:17.729"></status>
</kw>
<tags>
<tag>TK-50</tag>
</tags>
<status status="FAIL" starttime="20200529 03:06:17.727" endtime="20200529 03:06:17.729" critical="yes">No keyword with name 'Evalu' found. Did you mean:
    BuiltIn.Evaluate</status>
</test>
<status status="FAIL" starttime="20200529 03:06:17.719" endtime="20200529 03:06:17.729"></status>
</suite>
<suite id="s1-s3" name="TestCase4" source="C:\Users\DEII\.jenkins\workspace\Demo_Proj\Robot_Xray\TestCase4.robot">
<test id="s1-s3-t1" name="TestCase_Divide4">
<kw name="Evaluate" library="BuiltIn">
<doc>Evaluates the given expression in Python and returns the result.</doc>
<arguments>
<arg>10/2</arg>
</arguments>
<assign>
<var>${a}</var>
</assign>
<msg timestamp="20200529 03:06:17.737" level="INFO">${a} = 5.0</msg>
<status status="PASS" starttime="20200529 03:06:17.737" endtime="20200529 03:06:17.737"></status>
</kw>
<kw name="Log" library="BuiltIn">
<doc>Logs the given message with the given level.</doc>
<arguments>
<arg>${a}</arg>
</arguments>
<msg timestamp="20200529 03:06:17.739" level="INFO">5.0</msg>
<status status="PASS" starttime="20200529 03:06:17.737" endtime="20200529 03:06:17.739"></status>
</kw>
<status status="PASS" starttime="20200529 03:06:17.737" endtime="20200529 03:06:17.739" critical="yes"></status>
</test>
<status status="PASS" starttime="20200529 03:06:17.729" endtime="20200529 03:06:17.739"></status>
</suite>
<status status="FAIL" starttime="20200529 03:06:17.131" endtime="20200529 03:06:17.739"></status>
</suite>
<statistics>
<total>
<stat pass="2" fail="1">Critical Tests</stat>
<stat pass="2" fail="1">All Tests</stat>
</total>
<tag>
<stat pass="0" fail="1">TK-50</stat>
</tag>
<suite>
<stat pass="2" fail="1" id="s1" name="Robot Xray">Robot Xray</stat>
<stat pass="1" fail="0" id="s1-s1" name="Robot Xray">Robot Xray.Robot Xray</stat>
<stat pass="0" fail="1" id="s1-s2" name="TestCase1">Robot Xray.TestCase1</stat>
<stat pass="1" fail="0" id="s1-s3" name="TestCase4">Robot Xray.TestCase4</stat>
</suite>
</statistics>
<errors>
</errors>
</robot>
